Cache Configuration: 12 MB, 2 skews, 18 ways (9 ways/skew)
AVG-BALLS-PER-BUCKET:9, BUCKET-SPILL-THRESHOLD:10 
Simulation Parameters - BALL_THROWS:10000000000, SEED:0

Starting throws --  (Dot printed every 100M Ball throws) 
.......... 1Bn
.......... 2Bn
.......... 3Bn
.......... 4Bn
.......... 5Bn
.......... 6Bn
.......... 7Bn
.......... 8Bn
.......... 9Bn
.......... 10Bn


Bucket-Occupancy Snapshot at End of Experiment

Occupancy: 		 Count
Bucket[ 0 Fill]: 	 0 	 (0.00)
Bucket[ 1 Fill]: 	 0 	 (0.00)
Bucket[ 2 Fill]: 	 0 	 (0.00)
Bucket[ 3 Fill]: 	 17 	 (0.05)
Bucket[ 4 Fill]: 	 54 	 (0.16)
Bucket[ 5 Fill]: 	 221 	 (0.67)
Bucket[ 6 Fill]: 	 744 	 (2.27)
Bucket[ 7 Fill]: 	 2289 	 (6.99)
Bucket[ 8 Fill]: 	 5425 	 (16.56)
Bucket[ 9 Fill]: 	 10527 	 (32.13)
Bucket[10 Fill]: 	 13491 	 (41.17)
Bucket[11 Fill]: 	 0 	 (0.00)
Bucket[12 Fill]: 	 0 	 (0.00)
Bucket[13 Fill]: 	 0 	 (0.00)
Bucket[14 Fill]: 	 0 	 (0.00)
Bucket[15 Fill]: 	 0 	 (0.00)
Bucket[16 Fill]: 	 0 	 (0.00)
Bucket[17 Fill]: 	 0 	 (0.00)
Bucket[18 Fill]: 	 0 	 (0.00)
Bucket[19 Fill]: 	 0 	 (0.00)
Bucket[20 Fill]: 	 0 	 (0.00)
Bucket[21 Fill]: 	 0 	 (0.00)
Bucket[22 Fill]: 	 0 	 (0.00)
Bucket[23 Fill]: 	 0 	 (0.00)
Bucket[24 Fill]: 	 0 	 (0.00)
Bucket[25 Fill]: 	 0 	 (0.00)
Bucket[26 Fill]: 	 0 	 (0.00)
Bucket[27 Fill]: 	 0 	 (0.00)
Bucket[28 Fill]: 	 0 	 (0.00)
Bucket[29 Fill]: 	 0 	 (0.00)
Bucket[30 Fill]: 	 0 	 (0.00)
Bucket[31 Fill]: 	 0 	 (0.00)
Bucket[32 Fill]: 	 0 	 (0.00)
Bucket[33 Fill]: 	 0 	 (0.00)
Bucket[34 Fill]: 	 0 	 (0.00)
Bucket[35 Fill]: 	 0 	 (0.00)
Bucket[36 Fill]: 	 0 	 (0.00)
Bucket[37 Fill]: 	 0 	 (0.00)
Bucket[38 Fill]: 	 0 	 (0.00)
Bucket[39 Fill]: 	 0 	 (0.00)
Bucket[40 Fill]: 	 0 	 (0.00)


Distribution of Bucket-Occupancy (Averaged across Ball Throws) => Used for P(Bucket = k balls) calculation 

Occupancy: 		            Count 	 P(Bucket=k balls)
Bucket[ 0 Fill]: 	             9113 	 (0.000)
Bucket[ 1 Fill]: 	           186577 	 (0.000)
Bucket[ 2 Fill]: 	          1911518 	 (0.005)
Bucket[ 3 Fill]: 	         13093204 	 (0.033)
Bucket[ 4 Fill]: 	         67374969 	 (0.168)
Bucket[ 5 Fill]: 	        277363050 	 (0.693)
Bucket[ 6 Fill]: 	        948251605 	 (2.371)
Bucket[ 7 Fill]: 	       2741667570 	 (6.854)
Bucket[ 8 Fill]: 	       6651581497 	 (16.629)
Bucket[ 9 Fill]: 	      12782108572 	 (31.955)
Bucket[10 Fill]: 	      16516845541 	 (41.292)
Bucket[11 Fill]: 	                0 	 (0.000)
Bucket[12 Fill]: 	                0 	 (0.000)
Bucket[13 Fill]: 	                0 	 (0.000)
Bucket[14 Fill]: 	                0 	 (0.000)
Bucket[15 Fill]: 	                0 	 (0.000)
Bucket[16 Fill]: 	                0 	 (0.000)
Bucket[17 Fill]: 	                0 	 (0.000)
Bucket[18 Fill]: 	                0 	 (0.000)
Bucket[19 Fill]: 	                0 	 (0.000)
Bucket[20 Fill]: 	                0 	 (0.000)
Bucket[21 Fill]: 	                0 	 (0.000)
Bucket[22 Fill]: 	                0 	 (0.000)
Bucket[23 Fill]: 	                0 	 (0.000)
Bucket[24 Fill]: 	                0 	 (0.000)
Bucket[25 Fill]: 	                0 	 (0.000)
Bucket[26 Fill]: 	                0 	 (0.000)
Bucket[27 Fill]: 	                0 	 (0.000)
Bucket[28 Fill]: 	                0 	 (0.000)
Bucket[29 Fill]: 	                0 	 (0.000)
Bucket[30 Fill]: 	                0 	 (0.000)
Bucket[31 Fill]: 	                0 	 (0.000)
Bucket[32 Fill]: 	                0 	 (0.000)
Bucket[33 Fill]: 	                0 	 (0.000)
Bucket[34 Fill]: 	                0 	 (0.000)
Bucket[35 Fill]: 	                0 	 (0.000)
Bucket[36 Fill]: 	                0 	 (0.000)
Bucket[37 Fill]: 	                0 	 (0.000)
Bucket[38 Fill]: 	                0 	 (0.000)
Bucket[39 Fill]: 	                0 	 (0.000)
Bucket[40 Fill]: 	                0 	 (0.000)


Distribution of Balls-in-Dest-Bucket on Ball-Insertion (Best-Of-2 Indexed-Buckets) => Spill-Count = Spills from Bucket-With-10-Balls

Balls-in-Dest-Bucket (k) 		 Spills from Bucket-With-k-Balls)
 0:				             8949	 (0.000)
 1:				           184959	 (0.001)
 2:				          1902400	 (0.010)
 3:				         13059151	 (0.065)
 4:				         67236210	 (0.336)
 5:				        275765484	 (1.379)
 6:				        928422021	 (4.642)
 7:				       2558024293	 (12.790)
 8:				       5425113285	 (27.126)
 9:				       7320263633	 (36.601)
10:				       3410019615	 (17.050)
11:				                0	 (0.000)
12:				                0	 (0.000)
13:				                0	 (0.000)
14:				                0	 (0.000)
15:				                0	 (0.000)
16:				                0	 (0.000)
17:				                0	 (0.000)
18:				                0	 (0.000)
19:				                0	 (0.000)
20:				                0	 (0.000)
21:				                0	 (0.000)
22:				                0	 (0.000)
23:				                0	 (0.000)
24:				                0	 (0.000)
25:				                0	 (0.000)
26:				                0	 (0.000)
27:				                0	 (0.000)
28:				                0	 (0.000)
29:				                0	 (0.000)
30:				                0	 (0.000)
31:				                0	 (0.000)
32:				                0	 (0.000)
33:				                0	 (0.000)
34:				                0	 (0.000)
35:				                0	 (0.000)
36:				                0	 (0.000)
37:				                0	 (0.000)
38:				                0	 (0.000)
39:				                0	 (0.000)



Spill Count: 3410020444 (17.050)

Cuckoo Spill Count: 2398715175 (11.994)
