Cache Configuration: 12 MB, 2 skews, 18 ways (9 ways/skew)
AVG-BALLS-PER-BUCKET:9, BUCKET-SPILL-THRESHOLD:14 
Simulation Parameters - BALL_THROWS:1000000000, SEED:1

Starting throws --  (Dot printed every 100M Ball throws) 
.......... 1Bn


Bucket-Occupancy Snapshot at End of Experiment

Occupancy: 		 Count
Bucket[ 0 Fill]: 	 0 	 (0.00)
Bucket[ 1 Fill]: 	 0 	 (0.00)
Bucket[ 2 Fill]: 	 9 	 (0.03)
Bucket[ 3 Fill]: 	 21 	 (0.06)
Bucket[ 4 Fill]: 	 116 	 (0.35)
Bucket[ 5 Fill]: 	 381 	 (1.16)
Bucket[ 6 Fill]: 	 1118 	 (3.41)
Bucket[ 7 Fill]: 	 2916 	 (8.90)
Bucket[ 8 Fill]: 	 6071 	 (18.53)
Bucket[ 9 Fill]: 	 9101 	 (27.77)
Bucket[10 Fill]: 	 8931 	 (27.26)
Bucket[11 Fill]: 	 3695 	 (11.28)
Bucket[12 Fill]: 	 407 	 (1.24)
Bucket[13 Fill]: 	 2 	 (0.01)
Bucket[14 Fill]: 	 0 	 (0.00)
Bucket[15 Fill]: 	 0 	 (0.00)
Bucket[16 Fill]: 	 0 	 (0.00)
Bucket[17 Fill]: 	 0 	 (0.00)
Bucket[18 Fill]: 	 0 	 (0.00)
Bucket[19 Fill]: 	 0 	 (0.00)
Bucket[20 Fill]: 	 0 	 (0.00)
Bucket[21 Fill]: 	 0 	 (0.00)
Bucket[22 Fill]: 	 0 	 (0.00)
Bucket[23 Fill]: 	 0 	 (0.00)
Bucket[24 Fill]: 	 0 	 (0.00)
Bucket[25 Fill]: 	 0 	 (0.00)
Bucket[26 Fill]: 	 0 	 (0.00)
Bucket[27 Fill]: 	 0 	 (0.00)
Bucket[28 Fill]: 	 0 	 (0.00)
Bucket[29 Fill]: 	 0 	 (0.00)
Bucket[30 Fill]: 	 0 	 (0.00)
Bucket[31 Fill]: 	 0 	 (0.00)
Bucket[32 Fill]: 	 0 	 (0.00)
Bucket[33 Fill]: 	 0 	 (0.00)
Bucket[34 Fill]: 	 0 	 (0.00)
Bucket[35 Fill]: 	 0 	 (0.00)
Bucket[36 Fill]: 	 0 	 (0.00)
Bucket[37 Fill]: 	 0 	 (0.00)
Bucket[38 Fill]: 	 0 	 (0.00)
Bucket[39 Fill]: 	 0 	 (0.00)
Bucket[40 Fill]: 	 0 	 (0.00)


Distribution of Bucket-Occupancy (Averaged across Ball Throws) => Used for P(Bucket = k balls) calculation 

Occupancy: 		            Count 	 P(Bucket=k balls)
Bucket[ 0 Fill]: 	             3204 	 (0.000)
Bucket[ 1 Fill]: 	            56871 	 (0.001)
Bucket[ 2 Fill]: 	           509914 	 (0.013)
Bucket[ 3 Fill]: 	          3031900 	 (0.076)
Bucket[ 4 Fill]: 	         13556562 	 (0.339)
Bucket[ 5 Fill]: 	         48543849 	 (1.214)
Bucket[ 6 Fill]: 	        144000773 	 (3.600)
Bucket[ 7 Fill]: 	        357482410 	 (8.937)
Bucket[ 8 Fill]: 	        726248829 	 (18.156)
Bucket[ 9 Fill]: 	       1114783361 	 (27.870)
Bucket[10 Fill]: 	       1078258626 	 (26.956)
Bucket[11 Fill]: 	        464407897 	 (11.610)
Bucket[12 Fill]: 	         49084340 	 (1.227)
Bucket[13 Fill]: 	           424633 	 (0.011)
Bucket[14 Fill]: 	               47 	 (0.000)
Bucket[15 Fill]: 	                0 	 (0.000)
Bucket[16 Fill]: 	                0 	 (0.000)
Bucket[17 Fill]: 	                0 	 (0.000)
Bucket[18 Fill]: 	                0 	 (0.000)
Bucket[19 Fill]: 	                0 	 (0.000)
Bucket[20 Fill]: 	                0 	 (0.000)
Bucket[21 Fill]: 	                0 	 (0.000)
Bucket[22 Fill]: 	                0 	 (0.000)
Bucket[23 Fill]: 	                0 	 (0.000)
Bucket[24 Fill]: 	                0 	 (0.000)
Bucket[25 Fill]: 	                0 	 (0.000)
Bucket[26 Fill]: 	                0 	 (0.000)
Bucket[27 Fill]: 	                0 	 (0.000)
Bucket[28 Fill]: 	                0 	 (0.000)
Bucket[29 Fill]: 	                0 	 (0.000)
Bucket[30 Fill]: 	                0 	 (0.000)
Bucket[31 Fill]: 	                0 	 (0.000)
Bucket[32 Fill]: 	                0 	 (0.000)
Bucket[33 Fill]: 	                0 	 (0.000)
Bucket[34 Fill]: 	                0 	 (0.000)
Bucket[35 Fill]: 	                0 	 (0.000)
Bucket[36 Fill]: 	                0 	 (0.000)
Bucket[37 Fill]: 	                0 	 (0.000)
Bucket[38 Fill]: 	                0 	 (0.000)
Bucket[39 Fill]: 	                0 	 (0.000)
Bucket[40 Fill]: 	                0 	 (0.000)


Distribution of Balls-in-Dest-Bucket on Ball-Insertion (Best-Of-2 Indexed-Buckets) => Spill-Count = Spills from Bucket-With-14-Balls

Balls-in-Dest-Bucket (k) 		 Spills from Bucket-With-k-Balls)
 0:				             3053	 (0.000)
 1:				            55152	 (0.003)
 2:				           500823	 (0.025)
 3:				          2999286	 (0.150)
 4:				         13464363	 (0.673)
 5:				         47978732	 (2.399)
 6:				        138988082	 (6.949)
 7:				        322733282	 (16.137)
 8:				        557358566	 (27.868)
 9:				        599057107	 (29.953)
10:				        283840642	 (14.192)
11:				         32714326	 (1.636)
12:				           306559	 (0.015)
13:				               27	 (0.000)
14:				                0	 (0.000)
15:				                0	 (0.000)
16:				                0	 (0.000)
17:				                0	 (0.000)
18:				                0	 (0.000)
19:				                0	 (0.000)
20:				                0	 (0.000)
21:				                0	 (0.000)
22:				                0	 (0.000)
23:				                0	 (0.000)
24:				                0	 (0.000)
25:				                0	 (0.000)
26:				                0	 (0.000)
27:				                0	 (0.000)
28:				                0	 (0.000)
29:				                0	 (0.000)
30:				                0	 (0.000)
31:				                0	 (0.000)
32:				                0	 (0.000)
33:				                0	 (0.000)
34:				                0	 (0.000)
35:				                0	 (0.000)
36:				                0	 (0.000)
37:				                0	 (0.000)
38:				                0	 (0.000)
39:				                0	 (0.000)



Spill Count: 0 (0.000)

Cuckoo Spill Count: 0 (0.000)
