Building multi-core ChampSim...

rm -f -r obj
Generating dependencies for src/ooo_cpu.cc...
Compiling src/ooo_cpu.cc...
Generating dependencies for src/ring.cc...
Compiling src/ring.cc...
Generating dependencies for src/cache.cc...
Compiling src/cache.cc...
Generating dependencies for src/dram_controller.cc...
Compiling src/dram_controller.cc...
Generating dependencies for src/block.cc...
Compiling src/block.cc...
Generating dependencies for src/uncore.cc...
Compiling src/uncore.cc...
Generating dependencies for src/main.cc...
Compiling src/main.cc...
Generating dependencies for branch/branch_predictor.cc...
Compiling branch/branch_predictor.cc...
Generating dependencies for replacement/llc_replacement.cc...
Compiling replacement/llc_replacement.cc...
Generating dependencies for replacement/base_replacement.cc...
Compiling replacement/base_replacement.cc...
Generating dependencies for prefetcher/l1d_prefetcher.cc...
Compiling prefetcher/l1d_prefetcher.cc...
Generating dependencies for prefetcher/llc_prefetcher.cc...
Compiling prefetcher/llc_prefetcher.cc...
Generating dependencies for prefetcher/kpcp_util.cc...
Compiling prefetcher/kpcp_util.cc...
Generating dependencies for prefetcher/l2c_prefetcher.cc...
Compiling prefetcher/l2c_prefetcher.cc...
Linking bin/champsim...

[1mChampSim is successfully built
Branch Predictor: bimodal
L1D Prefetcher: ipcp
L2C Prefetcher: ipcp
LLC Prefetcher: no
LLC Replacement: hawkeye
Cores: 8
CEASER_rq_wq_ratio : 21
Remapping : 0
Binary: bin/bimodal-ipcp-ipcp-no-hawkeye-0-1-1-3-0-1-8core_maya

